This is pdfTeX, Version 3.1415926-2.5-1.40.14 (MiKTeX 2.9) (preloaded format=pdflatex 2013.12.8)  11 DEC 2017 18:08
entering extended mode
**F:/!Р’Р—РњРЁ/РЎР±РѕСЂРЅРёРє/С‚РµР·РёСЃС‹/Р¤РѕРјРµРЅРєРѕ/РўРµР·РёСЃС‹*РІ*Р·РёР
јРЅРёР№*Р’РћСЂРѕРЅРµР¶1Р¤РѕРјРµРЅРєРѕР’РµРґСЋС€РєРёРЅР°/Modelingofgeodesicflows
.tex

("F:/!Р’Р—РњРЁ/РЎР±РѕСЂРЅРёРє/С‚РµР·РёСЃС‹/Р¤РѕРјРµРЅРєРѕ/РўРµР·РёСЃС‹ РІ Р·РёР
јРЅРёР№ Р’РћСЂРѕРЅРµР¶1Р¤РѕРјРµРЅРєРѕР’РµРґСЋС€РєРёРЅР°/Modelingofgeodesicflows
.tex"
LaTeX2e <2011/06/27>
Babel <v3.8m> and hyphenation patterns for english, afrikaans, ancientgreek, ar
abic, armenian, assamese, basque, bengali, bokmal, bulgarian, catalan, coptic, 
croatian, czech, danish, dutch, esperanto, estonian, farsi, finnish, french, ga
lician, german, german-x-2013-05-26, greek, gujarati, hindi, hungarian, iceland
ic, indonesian, interlingua, irish, italian, kannada, kurmanji, latin, latvian,
 lithuanian, malayalam, marathi, mongolian, mongolianlmc, monogreek, ngerman, n
german-x-2013-05-26, nynorsk, oriya, panjabi, pinyin, polish, portuguese, roman
ian, russian, sanskrit, serbian, slovak, slovenian, spanish, swedish, swissgerm
an, tamil, telugu, turkish, turkmen, ukenglish, ukrainian, uppersorbian, usengl
ishmax, welsh, loaded.
(D:\Distrib\Full_TeX\texmf\tex\latex\base\report.cls
Document Class: report 2007/10/19 v1.4h Standard LaTeX document class
(D:\Distrib\Full_TeX\texmf\tex\latex\base\size12.clo
File: size12.clo 2007/10/19 v1.4h Standard LaTeX file (size option)
)
\c@part=\count79
\c@chapter=\count80
\c@section=\count81
\c@subsection=\count82
\c@subsubsection=\count83
\c@paragraph=\count84
\c@subparagraph=\count85
\c@figure=\count86
\c@table=\count87
\abovecaptionskip=\skip41
\belowcaptionskip=\skip42
\bibindent=\dimen102
)
(D:\Distrib\Full_TeX\texmf\tex\latex\amsmath\amsmath.sty
Package: amsmath 2013/01/14 v2.14 AMS math features
\@mathmargin=\skip43

For additional information on amsmath, use the `?' option.
(D:\Distrib\Full_TeX\texmf\tex\latex\amsmath\amstext.sty
Package: amstext 2000/06/29 v2.01

(D:\Distrib\Full_TeX\texmf\tex\latex\amsmath\amsgen.sty
File: amsgen.sty 1999/11/30 v2.0
\@emptytoks=\toks14
\ex@=\dimen103
))
(D:\Distrib\Full_TeX\texmf\tex\latex\amsmath\amsbsy.sty
Package: amsbsy 1999/11/29 v1.2d
\pmbraise@=\dimen104
)
(D:\Distrib\Full_TeX\texmf\tex\latex\amsmath\amsopn.sty
Package: amsopn 1999/12/14 v2.01 operator names
)
\inf@bad=\count88
LaTeX Info: Redefining \frac on input line 210.
\uproot@=\count89
\leftroot@=\count90
LaTeX Info: Redefining \overline on input line 306.
\classnum@=\count91
\DOTSCASE@=\count92
LaTeX Info: Redefining \ldots on input line 378.
LaTeX Info: Redefining \dots on input line 381.
LaTeX Info: Redefining \cdots on input line 466.
\Mathstrutbox@=\box26
\strutbox@=\box27
\big@size=\dimen105
LaTeX Font Info:    Redeclaring font encoding OML on input line 566.
LaTeX Font Info:    Redeclaring font encoding OMS on input line 567.
\macc@depth=\count93
\c@MaxMatrixCols=\count94
\dotsspace@=\muskip10
\c@parentequation=\count95
\dspbrk@lvl=\count96
\tag@help=\toks15
\row@=\count97
\column@=\count98
\maxfields@=\count99
\andhelp@=\toks16
\eqnshift@=\dimen106
\alignsep@=\dimen107
\tagshift@=\dimen108
\tagwidth@=\dimen109
\totwidth@=\dimen110
\lineht@=\dimen111
\@envbody=\toks17
\multlinegap=\skip44
\multlinetaggap=\skip45
\mathdisplay@stack=\toks18
LaTeX Info: Redefining \[ on input line 2665.
LaTeX Info: Redefining \] on input line 2666.
)
(D:\Distrib\Full_TeX\texmf\tex\latex\base\inputenc.sty
Package: inputenc 2008/03/30 v1.1d Input encoding file
\inpenc@prehook=\toks19
\inpenc@posthook=\toks20

(D:\Distrib\Full_TeX\texmf\tex\latex\cyrillic\cp1251.def
File: cp1251.def 1999/11/16 v1.0d Input encoding file
))
(D:\Distrib\Full_TeX\texmf\tex\generic\babel\babel.sty
Package: babel 2008/07/08 v3.8m The Babel package

*************************************
* Local config file bblopts.cfg used
*
(D:\Distrib\Full_TeX\texmf\tex\latex\00miktex\bblopts.cfg
File: bblopts.cfg 2006/07/31 v1.0 MiKTeX 'babel' configuration
)
(D:\Distrib\Full_TeX\texmf\tex\generic\babel\english.ldf
Language: english 2005/03/30 v3.3o English support from the babel system

(D:\Distrib\Full_TeX\texmf\tex\generic\babel\babel.def
File: babel.def 2008/07/08 v3.8m Babel common definitions
\babel@savecnt=\count100
\U@D=\dimen112
)
\l@canadian = a dialect from \language\l@american 
\l@australian = a dialect from \language\l@british 
\l@newzealand = a dialect from \language\l@british 
)
(D:\Distrib\Full_TeX\texmf\tex\generic\babel\russianb.ldf
Language: russianb 2008/03/21 v1.1r Russian support from the babel system

(D:\Distrib\Full_TeX\texmf\tex\latex\cyrillic\t2aenc.def
File: t2aenc.def 2005/09/27 v1.0i Cyrillic encoding definition file
)
Package babel Info: Making " an active character on input line 199.
))
(D:\Distrib\Full_TeX\texmf\tex\latex\amsfonts\amsfonts.sty
Package: amsfonts 2013/01/14 v3.01 Basic AMSFonts support
\symAMSa=\mathgroup4
\symAMSb=\mathgroup5
LaTeX Font Info:    Overwriting math alphabet `\mathfrak' in version `bold'
(Font)                  U/euf/m/n --> U/euf/b/n on input line 106.
)
(D:\Distrib\Full_TeX\texmf\tex\latex\amsfonts\amssymb.sty
Package: amssymb 2013/01/14 v3.01 AMS font symbols
)
(D:\Distrib\Full_TeX\texmf\tex\latex\base\latexsym.sty
Package: latexsym 1998/08/17 v2.2e Standard LaTeX package (lasy symbols)
\symlasy=\mathgroup6
LaTeX Font Info:    Overwriting symbol font `lasy' in version `bold'
(Font)                  U/lasy/m/n --> U/lasy/b/n on input line 47.
)
(D:\Distrib\Full_TeX\texmf\tex\latex\amsfonts\euscript.sty
Package: euscript 2009/06/22 v3.00 Euler Script fonts
LaTeX Font Info:    Overwriting math alphabet `\EuScript' in version `bold'
(Font)                  U/eus/m/n --> U/eus/b/n on input line 33.
)
(D:\Distrib\Full_TeX\texmf\tex\latex\tools\enumerate.sty
Package: enumerate 1999/03/05 v3.00 enumerate extensions (DPC)
\@enLab=\toks21
)
(D:\Distrib\Full_TeX\texmf\tex\latex\graphics\graphics.sty
Package: graphics 2009/02/05 v1.0o Standard LaTeX Graphics (DPC,SPQR)

(D:\Distrib\Full_TeX\texmf\tex\latex\graphics\trig.sty
Package: trig 1999/03/16 v1.09 sin cos tan (DPC)
)
(D:\Distrib\Full_TeX\texmf\tex\latex\00miktex\graphics.cfg
File: graphics.cfg 2007/01/18 v1.5 graphics configuration of teTeX/TeXLive
)
Package graphics Info: Driver file: pdftex.def on input line 91.

(D:\Distrib\Full_TeX\texmf\tex\latex\pdftex-def\pdftex.def
File: pdftex.def 2011/05/27 v0.06d Graphics/color for pdfTeX

(D:\Distrib\Full_TeX\texmf\tex\generic\oberdiek\infwarerr.sty
Package: infwarerr 2010/04/08 v1.3 Providing info/warning/error messages (HO)
)
(D:\Distrib\Full_TeX\texmf\tex\generic\oberdiek\ltxcmds.sty
Package: ltxcmds 2011/11/09 v1.22 LaTeX kernel commands for general use (HO)
)
\Gread@gobject=\count101
))
(D:\Distrib\Full_TeX\texmf\tex\latex\graphics\graphicx.sty
Package: graphicx 1999/02/16 v1.0f Enhanced LaTeX Graphics (DPC,SPQR)

(D:\Distrib\Full_TeX\texmf\tex\latex\graphics\keyval.sty
Package: keyval 1999/03/16 v1.13 key=value parser (DPC)
\KV@toks@=\toks22
)
\Gin@req@height=\dimen113
\Gin@req@width=\dimen114
)
(D:\Distrib\Full_TeX\texmf\tex\latex\geometry\geometry.sty
Package: geometry 2010/09/12 v5.6 Page Geometry

(D:\Distrib\Full_TeX\texmf\tex\generic\oberdiek\ifpdf.sty
Package: ifpdf 2011/01/30 v2.3 Provides the ifpdf switch (HO)
Package ifpdf Info: pdfTeX in PDF mode is detected.
)
(D:\Distrib\Full_TeX\texmf\tex\generic\oberdiek\ifvtex.sty
Package: ifvtex 2010/03/01 v1.5 Detect VTeX and its facilities (HO)
Package ifvtex Info: VTeX not detected.
)
(D:\Distrib\Full_TeX\texmf\tex\generic\ifxetex\ifxetex.sty
Package: ifxetex 2010/09/12 v0.6 Provides ifxetex conditional
)
\Gm@cnth=\count102
\Gm@cntv=\count103
\c@Gm@tempcnt=\count104
\Gm@bindingoffset=\dimen115
\Gm@wd@mp=\dimen116
\Gm@odd@mp=\dimen117
\Gm@even@mp=\dimen118
\Gm@layoutwidth=\dimen119
\Gm@layoutheight=\dimen120
\Gm@layouthoffset=\dimen121
\Gm@layoutvoffset=\dimen122
\Gm@dimlist=\toks23

(D:\Distrib\Full_TeX\texmf\tex\latex\geometry\geometry.cfg))
(D:\Distrib\Full_TeX\texmf\tex\latex\wrapfig\wrapfig.sty
\wrapoverhang=\dimen123
\WF@size=\dimen124
\c@WF@wrappedlines=\count105
\WF@box=\box28
\WF@everypar=\toks24
Package: wrapfig 2003/01/31  v 3.6
)
("F:\!Р’Р—РњРЁ\РЎР±РѕСЂРЅРёРє\С‚РµР·РёСЃС‹\Р¤РѕРјРµРЅРєРѕ\РўРµР·РёСЃС‹ РІ Р·РёР
јРЅРёР№ Р’РћСЂРѕРЅРµР¶1Р¤РѕРјРµРЅРєРѕР’РµРґСЋС€РєРёРЅР°\Modelingofgeodesicflows
.aux"
LaTeX Font Info:    Try loading font information for T2A+cmr on input line 3.
 (D:\Distrib\Full_TeX\texmf\tex\latex\cyrillic\t2acmr.fd
File: t2acmr.fd 2001/08/11 v1.0a Computer Modern Cyrillic font definitions
))
LaTeX Font Info:    Checking defaults for OML/cmm/m/it on input line 21.
LaTeX Font Info:    ... okay on input line 21.
LaTeX Font Info:    Checking defaults for T1/cmr/m/n on input line 21.
LaTeX Font Info:    ... okay on input line 21.
LaTeX Font Info:    Checking defaults for OT1/cmr/m/n on input line 21.
LaTeX Font Info:    ... okay on input line 21.
LaTeX Font Info:    Checking defaults for OMS/cmsy/m/n on input line 21.
LaTeX Font Info:    ... okay on input line 21.
LaTeX Font Info:    Checking defaults for OMX/cmex/m/n on input line 21.
LaTeX Font Info:    ... okay on input line 21.
LaTeX Font Info:    Checking defaults for U/cmr/m/n on input line 21.
LaTeX Font Info:    ... okay on input line 21.
LaTeX Font Info:    Checking defaults for T2A/cmr/m/n on input line 21.
LaTeX Font Info:    ... okay on input line 21.

(D:\Distrib\Full_TeX\texmf\tex\context\base\supp-pdf.mkii
[Loading MPS to PDF converter (version 2006.09.02).]
\scratchcounter=\count106
\scratchdimen=\dimen125
\scratchbox=\box29
\nofMPsegments=\count107
\nofMParguments=\count108
\everyMPshowfont=\toks25
\MPscratchCnt=\count109
\MPscratchDim=\dimen126
\MPnumerator=\count110
\makeMPintoPDFobject=\count111
\everyMPtoPDFconversion=\toks26
)
*geometry* driver: auto-detecting
*geometry* detected driver: pdftex
*geometry* verbose mode - [ preamble ] result:
* driver: pdftex
* paper: a5paper
* layout: <same size as paper>
* layoutoffset:(h,v)=(0.0pt,0.0pt)
* modes: 
* h-part:(L,W,R)=(49.79231pt, 321.51616pt, 49.79231pt)
* v-part:(T,H,B)=(49.79231pt, 487.96461pt, 59.75095pt)
* \paperwidth=421.10078pt
* \paperheight=597.50787pt
* \textwidth=321.51616pt
* \textheight=487.96461pt
* \oddsidemargin=-22.47768pt
* \evensidemargin=-22.47768pt
* \topmargin=-59.47768pt
* \headheight=12.0pt
* \headsep=25.0pt
* \topskip=12.0pt
* \footskip=30.0pt
* \marginparwidth=4.0pt
* \marginparsep=10.0pt
* \columnsep=10.0pt
* \skip\footins=10.8pt plus 4.0pt minus 2.0pt
* \hoffset=0.0pt
* \voffset=0.0pt
* \mag=1000
* \@twocolumnfalse
* \@twosidefalse
* \@mparswitchfalse
* \@reversemarginfalse
* (1in=72.27pt=25.4mm, 1cm=28.453pt)

LaTeX Font Info:    Try loading font information for U+msa on input line 49.
(D:\Distrib\Full_TeX\texmf\tex\latex\amsfonts\umsa.fd
File: umsa.fd 2013/01/14 v3.01 AMS symbols A
)
LaTeX Font Info:    Try loading font information for U+msb on input line 49.

(D:\Distrib\Full_TeX\texmf\tex\latex\amsfonts\umsb.fd
File: umsb.fd 2013/01/14 v3.01 AMS symbols B
)
LaTeX Font Info:    Try loading font information for U+lasy on input line 49.

(D:\Distrib\Full_TeX\texmf\tex\latex\base\ulasy.fd
File: ulasy.fd 1998/08/17 v2.2e LaTeX symbol font definitions
) [1

{D:/Distrib/Full_TeX/texmf/pdftex/config/pdftex.map}]
Overfull \hbox (4.30486pt too wide) in paragraph at lines 60--69
\T2A/cmr/m/n/12 ют-ся эл-лип-са или ги-пер-бо-лы, со-фо-кус-ных с се-мей-ством 
квад-
 []


Overfull \hbox (10.01524pt too wide) in paragraph at lines 60--69
\T2A/cmr/m/n/12 стан-дарт-ной сим-плек-ти-че-ской струк-ту-ры на плос-ко-сти, ф
унк-
 []


Overfull \hbox (4.70319pt too wide) in paragraph at lines 60--69
\OML/cmm/m/it/12 nA[] \OT1/cmr/m/n/12 + 2\OML/cmm/m/it/12 mB[] \OT1/cmr/m/n/12 
+ 4\OML/cmm/m/it/12 mnB[] \OT1/cmr/m/n/12 + \OML/cmm/m/it/12 A[]\OT1/cmr/m/n/12
 ))$ \T2A/cmr/m/n/12 (го-мео-мор-фен сфе-ре) и $\OT1/cmr/m/n/12 [](2\OML/cmm/m
/it/12 n[]\OT1/cmr/m/n/12 )$
 []

[2]

pdfTeX warning: pdflatex.exe (file F:/!Р’Р—РњРЁ/РЎР±РѕСЂРЅРёРє/С‚РµР·РёСЃС‹/Р¤Р
ѕРјРµРЅРєРѕ/РўРµР·РёСЃС‹ РІ Р·РёРјРЅРёР№ Р’РћСЂРѕРЅРµР¶1Р¤РѕРјРµРЅРєРѕР’РµРґСЋС
€РєРёРЅР°/topologicalbilliards.pdf): PDF inclusion: found PDF version <1.7>, bu
t at most version <1.5> allowed
<topologicalbilliards.pdf, id=18, 938.94098pt x 1052.75192pt>
File: topologicalbilliards.pdf Graphic file (type pdf)

<use topologicalbilliards.pdf>
Package pdftex.def Info: topologicalbilliards.pdf used on input line 76.
(pdftex.def)             Requested size: 369.88582pt x 414.71603pt.

Overfull \hbox (48.36966pt too wide) in paragraph at lines 76--77
 [][] 
 []


Underfull \hbox (badness 2173) in paragraph at lines 80--80
\OT1/cmr/m/n/12 4\OML/cmm/m/it/12 mnB[] \OT1/cmr/m/n/12 + \OML/cmm/m/it/12 A[]\
OT1/cmr/m/n/12 ))$ \T2A/cmr/m/n/12 и $\OT1/cmr/m/n/12 [](2\OML/cmm/m/it/12 n[]
\OT1/cmr/m/n/12 )$ \T2A/cmr/m/n/12 (го-мео-морф-ные сфе-ре) и
 []


LaTeX Warning: `!h' float specifier changed to `!ht'.


Overfull \hbox (9.5243pt too wide) in paragraph at lines 85--86
[][]\T2A/cmr/m/it/12 а) Квадратично-интегрируемый гео-де-зи-че-ский по-ток дву-

 []


Overfull \hbox (2.34497pt too wide) in paragraph at lines 89--91
[][]\T2A/cmr/m/it/12 в) Гео-де-зи-че-ский линейно-интегрируемый по-ток дву-мер-

 []

[3]
Overfull \hbox (10.02359pt too wide) in paragraph at lines 97--106
\T2A/cmr/m/n/12 то-но-вы си-сте-мы. Гео-мет-рия, то-по-ло-гия, клас-си-фи-ка-ци
я, Т.1,2,
 []

[4] [5 <F:/!Р’Р—РњРЁ/РЎР±РѕСЂРЅРёРє/С‚РµР·РёСЃС‹/Р¤РѕРјРµРЅРєРѕ/РўРµР·РёСЃС‹ РІ
 Р·РёРјРЅРёР№ Р’РћСЂРѕРЅРµР¶1Р¤РѕРјРµРЅРєРѕР’РµРґСЋС€РєРёРЅР°/topologicalbillia
rds.pdf>]
("F:\!Р’Р—РњРЁ\РЎР±РѕСЂРЅРёРє\С‚РµР·РёСЃС‹\Р¤РѕРјРµРЅРєРѕ\РўРµР·РёСЃС‹ РІ Р·РёР
јРЅРёР№ Р’РћСЂРѕРЅРµР¶1Р¤РѕРјРµРЅРєРѕР’РµРґСЋС€РєРёРЅР°\Modelingofgeodesicflows
.aux") ) 
Here is how much of TeX's memory you used:
 3462 strings out of 493921
 44460 string characters out of 3150556
 109793 words of memory out of 3000000
 6689 multiletter control sequences out of 15000+200000
 11094 words of font info for 38 fonts, out of 3000000 for 9000
 841 hyphenation exceptions out of 8191
 27i,5n,24p,1519b,264s stack positions out of 5000i,500n,10000p,200000b,50000s
{D:/Distrib/Full_TeX/texmf/fonts/enc/dvips/cm-super/cm-super-t2a.enc}<D
:/Distrib/Full_TeX/texmf/fonts/type1/public/amsfonts/cm/cmex10.pfb><D:/Distrib/
Full_TeX/texmf/fonts/type1/public/amsfonts/cm/cmmi12.pfb><D:/Distrib/Full_TeX/t
exmf/fonts/type1/public/amsfonts/cm/cmmi8.pfb><D:/Distrib/Full_TeX/texmf/fonts/
type1/public/amsfonts/cm/cmr12.pfb><D:/Distrib/Full_TeX/texmf/fonts/type1/publi
c/amsfonts/cm/cmr8.pfb><D:/Distrib/Full_TeX/texmf/fonts/type1/public/amsfonts/c
m/cmsy10.pfb><D:/Distrib/Full_TeX/texmf/fonts/type1/public/amsfonts/symbols/msb
m10.pfb><D:/Distrib/Full_TeX/texmf/fonts/type1/public/cm-super/sfbx1200.pfb><D:
/Distrib/Full_TeX/texmf/fonts/type1/public/cm-super/sfrm1200.pfb><D:/Distrib/Fu
ll_TeX/texmf/fonts/type1/public/cm-super/sfti1200.pfb>
Output written on Modelingofgeodesicflows.pdf (5 pages, 1671290 bytes).
PDF statistics:
 293 PDF objects out of 1000 (max. 8388607)
 0 named destinations out of 1000 (max. 500000)
 6 words of extra memory for PDF output out of 10000 (max. 10000000)

